    1  sudo spctl --master-disable
    2  github
    3  pycharm
    4  print(4+8)
    5  git add
    6  desktop
    7  git clone https://github.com/timmygonzalez/SIE-578-AI-in-Healthcare.git
    8  desktop
    9  git clone https://github.com/timmygonzalez/SIE-578-AI-in-Healthcare.git
   10  git clone https://github.com/timmygonzalez/SIE-578-AI-in-Healthcare.git
   11  git clone https://github.com/timmygonzalez/SIE-578-AI-in-Healthcare.git
   12  git add
   13  git clone https://github.com/timmygonzalez/SIE-578-AI-in-Healthcare.git
   14  git clone https://github.com/timmygonzalez/SIE-578-AI-in-Healthcare.git
   15  git clone git@github.com:timmygonzalez/SIE-578-AI-in-Healthcare.git
   16  git clone https://github.com/timmygonzalez/SIE-578-AI-in-Healthcare.git
   17  git clone https://github.com/timmygonzalez/SIE-578-AI-in-Healthcare.git
   18  git clone https://github.com/timmygonzalez/SIE-578-AI-in-Healthcare.git
   19  git add
   20  SIE-578-AI-in-Healthcare
   21  pwd
   22  cd SIE-578-AI-in-Healthcare
   23  git add
   24  git add.
   25  git add .
   26  git add dataexport4.csv .
   27  git add .dataexport4.csv
   28  git rev-parse --is-inside-work-tree
   29  git rev-parse --is-inside-work-tree
   30  git status
   31  git add dataexport4.csv
   32  dataexport4.csv
   33  download/dataexport4.csv
   34  git add.
   35  git add .
   36  git commit -m "Add existing file"
   37  git add dataexport4.csv
   38  git status
   39  sudo git add .
   40  sudo git commit -m "Add existing file"
   41  sudo git add dataexport4.csv
   42  git status
   43  NANO
   44  NANO
   45  ls -la
   46  l
   47  ls
   48  pwd
   49  ls -l
   50  ls -a
   51  ls -l
   52  ls -la
   53  ls -l -a
   54  pwd
   55  man cd
   56  ls -l
   57  cd Dcouments/
   58  ls -l
   59  cd Documents/
   60  ls -l
   61  cd ..
   62  pwd
   63  cd Documents/
   64  cd ~/Downloads/
   65  pwd
   66  cd ~
   67  pwd
   68  cd ~
   69  mkdir SDC_02-23-2019
   70  ls -l
   71  mkdir SDC_02-23-2019/repository
   72  mkdir SDC_02-23-2019/repository/thesis
   73  mkdir SDC_02-23-2019/repository/analyses
   74  mkdir SDC_02-23-2019/repository/data
   75  mkdir SDC_02-23-2019/repository/data/original_data
   76  mkdir SDC_02-23-2019/repository/data/processed_data
   77  cd SDC_02-23-2019/
   78  ls -l
   79  cd repository/
   80  ls
   81  cd data/
   82  ls
   83  cd ~
   84  cd ~/SDC_02-23-2019/
   85  ls -la repossitory/data/
   86  ls -la repository/data/
   87  pwd
   88  cd repository/
   89  nano
   90  nano thesis
   91  nano thesis.txt
   92  ls -l
   93  pwd
   94  touch draft.txt
   95  ls -l
   96  nano draft.txt
   97  ls -l
   98  mv draft.text thesis/
   99  mv draft.txt thesis/
  100  ls -l thesis
  101  pwd
  102  ls
  103  cp thesis.text thesis/thesis_copy.txt
  104  cp thesis.txt thesis/thesis_copy.txt
  105  ls -l thesis
  106  ls
  107  cd ~/SDC_02-23-2019
  108  PWD
  109  git clone https://github.com/timmygonzalez/2019-02-23-WorkshopResources.git
  110  ls -l
  111  cd ~
  112  git remote -v
  113  pwd
  114  cd SDC_02-23-2019/
  115  LS
  116  cp -r 2019-02-23-WorkshopResources/shell-lessons/data/* repository/data/original_data/
  117  ls -la repository/data/original_data/
  118  ls -l repository/data/original_data/
  119  pwd
  120  cd repository/
  121  pwd
  122  cat data/original_data/gapminder_data/gapminder_by_country/Afghanistan.cc.txt
  123  tail data/oriignal_data/gapminder_data/gapminder_by_country/Afghanistan.cc.txt
  124  tail data/orignal_data/gapminder_data/gapminder_by_country/Afghanistan.cc.txt
  125  tail data/original_data/gapminder_data/gapminder_by_country/Afghanistan.cc.txt
  126  tail -1  data/original_data/gapminder_data/gapminder_by_country/Afghanistan.cc.txt
  127  hhead  data/original_data/gapminder_data/gapminder_by_country/Afghanistan.cc.txt
  128  head  data/original_data/gapminder_data/gapminder_by_country/Afghanistan.cc.txt
  129  cat data/original_data/gapminder_data/gapminder_by_country/Afghanistan.cc.txt data/original_data/gapminder_data/gapminder_by_country/France.cc.txt
  130  wc data/original_data/gapminder_data/gapminder_by_country/Afghanistan.cc.txt 
  131  wc -l data/original_data/gapminder_data/gapminder_by_country/Afghanistan.cc.txt 
  132  pwd
  133  cd data/original_data/gapminder_data/gapminder_by_country/
  134  ls
  135  pwd
  136  cat country.cc.txt
  137  mv country.cc.txt header.txt
  138  cat header.txt
  139  ls
  140  cat header.txt
  141  cat *.cc.txt
  142  cat *.cc.txt | less
  143  cat header.txt *.cc.txt
  144  cat header.txt *.cc.txt >> ../../../processed_data/all_countries.txt
  145  cat header.txt *.cc.txt >> ../../../processed_data/all_countries.txt 
  146  cd ~/SDC_02-23-2019/repository/data/processed_data/
  147  ls -l
  148  wc -l all_countries.txt 
  149  head all_countries.txt 
  150  tail all_countries.txt 
  151  cd ~/SDC_02-23-2019/repository/data/processed_data/
  152  ls
  153  rm all_countries.txt 
  154  ls
  155  cd ../original_data/
  156  ls
  157  cat header.txt *.cc.txt >> ../../../processed_data/all_countries.txt 
  158  cat header.txt *.cc.txt >> ../../processed_data/all_countries.txt 
  159  cat header.txt *.cc.txt >> ../processed_data/all_countries.txt 
  160  pwd
  161  cat header.txt 
  162  ls
  163  cd ../../data/original_data/gapminder_data/gapminder_by_country/
  164  ls
  165  cat header.txt *.cc.txt >> ../../processed_data/all_countries.txt 
  166  cat header.txt *.cc.txt >> ../../../processed_data/all_countries.txt 
  167  ls
  168  cd ~/SDC_02-23-2019/repository/data/processed_data/
  169  wc -l all_countries.txt 
  170  cd ~/SDC_02-23-2019/
  171  PWD
  172  cd repository/data/processed_data/
  173  pw
  174  pwd
  175  cd ../../..
  176  pwd
  177  cd 2019-02-23-WorkshopResources/shell-lessons/data/gapminder_data/gapminder_by_country/
  178  ls -l
  179  pwd
  180  nano Argentina.cc.txt
  181  git status
  182  git add Argentina.cc.txt 
  183  git status
  184  git commit -m "
q

  185  git commit -m "Fix data error in Argentina file"
  186  git status
  187  git config --global user.name "Tianyi Zhang"
  188  ggit config --global user.email "tianyi@email.arizona.edu"
  189  git config --global user.email "tianyi@email.arizona.edu"
  190  git status
  191  git log
  192  ls
  193  history | tail
  194  cat Vietnam.cc.txt
  195  cp Vietnam.cc.txt Vietnam_copy.cc.txt
  196  ls
  197  git status
  198  git add Vietnam_copy.cc.txt 
  199  git status
  200  git commit -m "Create copy of Vietname file"
  201  git status
  202  git log
  203  history
  204  git push
  205  pwd
  206  cd ~/SDC_02-23-2019
  207  LS
  208  cd ~/
  209  cd SDC_02-23-2019/
  210  cd data/
  211  cd repository/data/
  212  original_data/gapminder_data/gapminder_by_country/
  213  ls
  214  cd ~/SDC_02-23-2019/repository/
  215  ls
  216  mkdir scripts
  217  ls
  218  cp -r ~/SDC_02-23-2019/2019-02-23-WorkshopResources/shell-lessons
  219  pwd
  220  ls
  221  cp ~/SDC_02-23-2019/2019-02-23-WorkshopResources/shell-lessons/script/* scripts
  222  cp ~/SDC_02-23-2019/2019-02-23-WorkshopResources/shell-lessons/scripts/* scripts
  223  ls
  224  ls scripts
  225  cd data/original_data/gapminder_data/gapminder_by_country/
  226  pwd
  227  wc -l *.txt
  228  wc Zimbabwe.cc.txt 
  229  wc -l Zimbabwe.cc.txt 
  230  wc -l *.txt
  231  wc -l ../../processed_data/all_countries.txt
  232  wc -l ../../processed_data/all_countries.txt
  233  wc -l ../../../processed_data/all_countries.txt
  234  cat A*.txt
  235  cat [YZ]*.txt
  236  cat [X-Z]*.txt
  237  cat [W-Z]*.txt
  238  cat header.txt 
  239  cut -f 2 Zimbabwe.cc.txt 
  240  cut -f 5 Zimbabwe.cc.txt 
  241  cat header.txt 
  242  cut -f 5,6  Zimbabwe.cc.txt 
  243  cut -f 5 Zimbabwe.cc.txt 
  244  cut -f 5 Zimbabwe.cc.txt |sort -n
  245  cut -f 5 Zimbabwe.cc.txt |sort -nr
  246  cut -f 5 Zimbabwe.cc.txt |sort -nr| head -2
  247  ls
  248  ls | wc -l
  249  grep "2007" [W-Z]*.txt
  250  grep "2007" [L-P]*.txt
  251  grep "\b2007\b" [L-P]*.txt
  252  grep "\b2007\b" [L-P]*.txt | wc -l
  253  grep "\b2007\b" *.txt | wc -l
  254  ls *.txt | wc -l
  255  pwd
  256  cd ../../../../scripts
  257  cd ../data/original_data/gapminder_data/gapminder_by_country/
  258  for gapminderfile in [W-Z]*.txt; do   echo $gapminderfile; done
  259  for gapminderfile in [W-Z]*.txt; do     ls -l $gapminderfile ; done
  260  for gapminderfile in [W-Z]*.txt;  do     cut -f 5 $gapminderfile ; done
  261  for gapminderfile in [W-Z]*.txt; do    cut -f 5 $gapminderfile  | head -1; done
  262  for zfiles in Z*.txt; do      cut -f 1 $zfiles | head -1; done
  263  for zfiles in Z*.txt; do   wc $zfiles; done
  264  pwd
  265  cat ../../../scripts/loop_file.sh
  266  cat ../../../scripts/loop_files.sh
  267  cat ../../../../scripts/loop_files.sh
  268  bash ../../../../scripts/loop_files.sh
  269  sh ../../../../scripts/loop_files.sh
  270  cat ../../../../scripts/loop_cut.sh
  271  bash ../../../../scripts/loop_cut.sh
  272  ls ../../../../scripts/
  273  nano ../../../../scripts/loop_cut.sh
  274  bash ../../../../scripts/loop_cut_low.sh
  275  bash ../../../../scripts/loop_cut.sh
  276  cat ../../../../scripts/loop_cut.shh
  277  cat ../../../../scripts/loop_cut.sh
  278  cat ../../../../scripts/low_cut_arg.sh
  279  cat ../../../../scripts/loop_cut_arg.sh
  280  bash ../../../../scripts/loop_cut_arg.sh
  281  bash ../../../../scripts/loop_cut_arg.sh 3
  282  bash ../../../../scripts/loop_cut_arg.sh 2
  283  bash ../../../../scripts/loop_cut_arg.sh 4
  284  cat ../../../../scripts/loop_cut_arg.sh
  285  nano ../../../../scripts/loop_cut_arg.sh
  286  bash ../../../../scripts/loop_cut_arg.sh 2 -1
  287  cat ../../../../scripts/loop_cut_arg.sh
  288  bash ../../../../scripts/loop_cut_arg.sh 2 -1
  289  bash -x ../../../../scripts/loop_cut_arg.sh 2 -1
  290  nano ../../../../scripts/loop_cut_arg.sh
  291  bash ../../../../scripts/loop_cut_arg.sh 2 5 6 3
  292  bash ../../../../scripts/loop_cut_arg.sh 2 5 6 3
  293  bash ../../../../scripts/loop_cut_arg.sh 2 5 6 2
  294  nano ../../../../scripts/loop_cut_arg.sh 
  295  bash ../../../../scripts/loop_cut_arg.sh 2 5 6 2 
  296  bash -x ../../../../scripts/loop_cut_arg.sh 2 5 6 2
  297  cat ../../../../scripts/loop_cut_arg.sh
  298  bash ../../../../scripts/loop_cut_arg.sh 1 4 5 5
  299  nano ../../../../scripts/loop_cut_arg.sh 1 4 5 5
  300  nano ../../../../scripts/loop_cut_arg.sh 1 4 5 5
  301  nano ../../../../scripts/loop_cut_arg.sh 1 4 5 5
  302  nano ../../../../scripts/loop_cut_arg.sh 1 4 5 5
  303  nano ../../../../scripts/loop_cut_arg.sh 1 4 5 5
  304  nano ../../../../scripts/loop_cut_arg.sh
  305  nano ../../../../scripts/loop_cut_arg.sh
  306  nano ../../../../scripts/loop_cut_arg.sh
  307  cat ../../../../scripts/loop_cut_arg.sh
  308  cp x
  309  nano  ../../../../scripts/loop_cut_arg.sh
  310  nano  ../../../../scripts/loop_cut_arg.sh
  311  cat ../../../../scripts/loop_conditional1.sh
  312  bash ../../../../scripts/loop_conditional1.sh 5 high
  313  bash ../../../../scripts/loop_conditional1.sh 5 low
  314  cat ../../../../scripts/loop_conditional1.sh
  315  nano ../../../../scripts/loop_conditional1.sh
  316  nano ../../../../scripts/loop_files.sh
  317  cat  ../../../../scripts/loop_files.sh
  318  cat  ../../../../scripts/loop_files_args.sh
  319  bash  ../../../../scripts/loop_files_args.sh A*.txt
  320  bash  ../../../../scripts/loop_files_args.sh B*.txt
  321  bash  ../../../../scripts/loop_files_args.sh [I-K]*.txt
  322  bash  ../../../../scripts/loop_files_args.sh [I-K,U]*.txt
  323  bash  ../../../../scripts/loop_conditional1.sh 5 medium
  324  bash -x ../../../../scripts/loop_conditional1.sh 5 medium
  325  cat ../../../../scripts/loop_conditional1_commented.sh
  326  cp ../../../../scripts/loop_conditional1_commented.sh ../../../../scripts/loop_shell_exercise.sh
  327* nano ../../../../scripts/loop_shell_exercise.sh
  328  ls Z*.txt > Zfiles.out
  329  ls
  330  ls Z*.txt >Zfiles.out
  331  cat Zfiles.out 
  332  wc -l Zimbabwe.cc.txt  > Zimbabwe_linecount.out
  333  cat Zimbabwe_linecount.out 
  334  ls 
  335  history
  336  history > history.out
